<?xml version="1.0" encoding="UTF-8"?>
<!-- Generated by org.testng.reporters.JUnitXMLReporter -->
<testsuite ignored="0" hostname="Abi-PC" failures="0" tests="3" name="Test2" time="2.397" errors="0" timestamp="2023-01-31T22:41:32 IST">
  <testcase classname="com.test.MailAccess.tests.TC_LoginTest_Outlook_001" name="loginTest" time="0.0">
    <skipped/>
  </testcase> <!-- loginTest -->
  <testcase classname="com.test.MailAccess.tests.TC_LoginTest_Outlook_001" name="loginTest" time="0.0">
    <skipped/>
  </testcase> <!-- loginTest -->
  <testcase classname="com.test.MailAccess.tests.TC_LoginTest_Outlook_001" name="loginTest" time="0.001">
    <skipped/>
  </testcase> <!-- loginTest -->
</testsuite> <!-- Test2 -->
